<testsuites name="jest tests" tests="7" failures="0" time="3.883">
  <testsuite name="StatsHistoryGraph.objectToQueryString" errors="0" failures="0" skipped="0" timestamp="2019-06-14T17:06:38" time="1.016" tests="3">
    <testcase classname="StatsHistoryGraph.objectToQueryString should take a set of mappings and make a query string" name="StatsHistoryGraph.objectToQueryString should take a set of mappings and make a query string" time="0.048">
    </testcase>
    <testcase classname="StatsHistoryGraph.objectToQueryString should return an empty string if there are no keys" name="StatsHistoryGraph.objectToQueryString should return an empty string if there are no keys" time="0.003">
    </testcase>
    <testcase classname="StatsHistoryGraph.objectToQueryString should return an empty string if passed NULL" name="StatsHistoryGraph.objectToQueryString should return an empty string if passed NULL" time="0.003">
    </testcase>
  </testsuite>
  <testsuite name="NearlineStorages.processData" errors="0" failures="0" skipped="0" timestamp="2019-06-14T17:06:38" time="1.288" tests="2">
    <testcase classname="NearlineStorages.processData should break down incoming data from the state" name="NearlineStorages.processData should break down incoming data from the state" time="0.027">
    </testcase>
    <testcase classname="numberWithCommas should convert a long number with thousands separators" name="numberWithCommas should convert a long number with thousands separators" time="0">
    </testcase>
  </testsuite>
  <testsuite name="CurrentStateStats" errors="0" failures="0" skipped="0" timestamp="2019-06-14T17:06:38" time="1.404" tests="2">
    <testcase classname="CurrentStateStats should correctly load and post-process data from the server" name="CurrentStateStats should correctly load and post-process data from the server" time="0.221">
    </testcase>
    <testcase classname="CurrentStateStats should correctly load and post-process data from the server with a zero-count" name="CurrentStateStats should correctly load and post-process data from the server with a zero-count" time="0.213">
    </testcase>
  </testsuite>
</testsuites>